<?xml version="1.0" encoding="UTF-8"?>
<!-- Generated by org.testng.reporters.JUnitReportReporter -->
<testsuite skipped="0" hostname="LAPTOP-6K01ST59" name="p2.TestB" tests="3" failures="0" timestamp="2023-01-06T13:59:27 IST" time="0.050" errors="0">
  <testcase name="g" time="0.030" classname="p2.TestB"/>
  <system-out>
    <![CDATA[g executed]]>
  </system-out>
  <testcase name="f" time="0.004" classname="p2.TestB"/>
  <system-out>
    <![CDATA[f executed]]>
  </system-out>
  <testcase name="h" time="0.016" classname="p2.TestB"/>
  <system-out>
    <![CDATA[h executed]]>
  </system-out>
</testsuite> <!-- p2.TestB -->
