<?xml version="1.0" encoding="UTF-8"?>
<!-- Generated by org.testng.reporters.JUnitReportReporter -->
<testsuite skipped="0" hostname="LAPTOP-6K01ST59" name="p1.TestA" tests="3" failures="0" timestamp="2023-01-06T13:59:27 IST" time="0.058" errors="0">
  <testcase name="tc001" time="0.042" classname="p1.TestA"/>
  <system-out>
    <![CDATA[tc001 executed successful]]>
  </system-out>
  <testcase name="tc002" time="0.005" classname="p1.TestA"/>
  <system-out>
    <![CDATA[tc002 executed successful]]>
  </system-out>
  <testcase name="tc003" time="0.011" classname="p1.TestA"/>
  <system-out>
    <![CDATA[tc003 executed successful]]>
  </system-out>
</testsuite> <!-- p1.TestA -->
